[2024-06-20T14:51:32.026+0530] {processor.py:161} INFO - Started process (PID=130) to work on /mnt/d/Random Bin/Python/dynamic airflow dag/dags/dynamic_dag_2.py
[2024-06-20T14:51:32.029+0530] {processor.py:830} INFO - Processing file /mnt/d/Random Bin/Python/dynamic airflow dag/dags/dynamic_dag_2.py for tasks to queue
[2024-06-20T14:51:32.038+0530] {logging_mixin.py:188} INFO - [2024-06-20T14:51:32.034+0530] {dagbag.py:538} INFO - Filling up the DagBag from /mnt/d/Random Bin/Python/dynamic airflow dag/dags/dynamic_dag_2.py
[2024-06-20T14:51:32.305+0530] {processor.py:840} INFO - DAG(s) 'dynamic_dag_2' retrieved from /mnt/d/Random Bin/Python/dynamic airflow dag/dags/dynamic_dag_2.py
[2024-06-20T14:51:34.569+0530] {logging_mixin.py:188} INFO - [2024-06-20T14:51:34.567+0530] {dag.py:3036} INFO - Sync 1 DAGs
[2024-06-20T14:51:34.614+0530] {logging_mixin.py:188} INFO - [2024-06-20T14:51:34.612+0530] {dag.py:3823} INFO - Setting next_dagrun for dynamic_dag_2 to 2024-06-01 00:00:00+00:00, run_after=2024-06-02 00:00:00+00:00
[2024-06-20T14:51:35.014+0530] {processor.py:183} INFO - Processing /mnt/d/Random Bin/Python/dynamic airflow dag/dags/dynamic_dag_2.py took 2.997 seconds
[2024-06-20T14:52:06.238+0530] {processor.py:161} INFO - Started process (PID=139) to work on /mnt/d/Random Bin/Python/dynamic airflow dag/dags/dynamic_dag_2.py
[2024-06-20T14:52:06.240+0530] {processor.py:830} INFO - Processing file /mnt/d/Random Bin/Python/dynamic airflow dag/dags/dynamic_dag_2.py for tasks to queue
[2024-06-20T14:52:06.243+0530] {logging_mixin.py:188} INFO - [2024-06-20T14:52:06.242+0530] {dagbag.py:538} INFO - Filling up the DagBag from /mnt/d/Random Bin/Python/dynamic airflow dag/dags/dynamic_dag_2.py
[2024-06-20T14:52:06.395+0530] {processor.py:840} INFO - DAG(s) 'dynamic_dag_2' retrieved from /mnt/d/Random Bin/Python/dynamic airflow dag/dags/dynamic_dag_2.py
[2024-06-20T14:52:06.587+0530] {logging_mixin.py:188} INFO - [2024-06-20T14:52:06.585+0530] {dag.py:3036} INFO - Sync 1 DAGs
[2024-06-20T14:52:06.845+0530] {logging_mixin.py:188} INFO - [2024-06-20T14:52:06.844+0530] {dag.py:3823} INFO - Setting next_dagrun for dynamic_dag_2 to 2024-06-01 00:00:00+00:00, run_after=2024-06-02 00:00:00+00:00
[2024-06-20T14:52:07.208+0530] {processor.py:183} INFO - Processing /mnt/d/Random Bin/Python/dynamic airflow dag/dags/dynamic_dag_2.py took 0.973 seconds
[2024-06-20T14:52:38.411+0530] {processor.py:161} INFO - Started process (PID=142) to work on /mnt/d/Random Bin/Python/dynamic airflow dag/dags/dynamic_dag_2.py
[2024-06-20T14:52:38.414+0530] {processor.py:830} INFO - Processing file /mnt/d/Random Bin/Python/dynamic airflow dag/dags/dynamic_dag_2.py for tasks to queue
[2024-06-20T14:52:38.416+0530] {logging_mixin.py:188} INFO - [2024-06-20T14:52:38.415+0530] {dagbag.py:538} INFO - Filling up the DagBag from /mnt/d/Random Bin/Python/dynamic airflow dag/dags/dynamic_dag_2.py
[2024-06-20T14:52:38.551+0530] {processor.py:840} INFO - DAG(s) 'dynamic_dag_2' retrieved from /mnt/d/Random Bin/Python/dynamic airflow dag/dags/dynamic_dag_2.py
[2024-06-20T14:52:38.823+0530] {logging_mixin.py:188} INFO - [2024-06-20T14:52:38.821+0530] {dag.py:3036} INFO - Sync 1 DAGs
[2024-06-20T14:52:39.175+0530] {logging_mixin.py:188} INFO - [2024-06-20T14:52:39.173+0530] {dag.py:3823} INFO - Setting next_dagrun for dynamic_dag_2 to 2024-06-01 00:00:00+00:00, run_after=2024-06-02 00:00:00+00:00
[2024-06-20T14:52:40.507+0530] {processor.py:183} INFO - Processing /mnt/d/Random Bin/Python/dynamic airflow dag/dags/dynamic_dag_2.py took 2.099 seconds
[2024-06-20T14:53:10.954+0530] {processor.py:161} INFO - Started process (PID=149) to work on /mnt/d/Random Bin/Python/dynamic airflow dag/dags/dynamic_dag_2.py
[2024-06-20T14:53:10.957+0530] {processor.py:830} INFO - Processing file /mnt/d/Random Bin/Python/dynamic airflow dag/dags/dynamic_dag_2.py for tasks to queue
[2024-06-20T14:53:10.962+0530] {logging_mixin.py:188} INFO - [2024-06-20T14:53:10.960+0530] {dagbag.py:538} INFO - Filling up the DagBag from /mnt/d/Random Bin/Python/dynamic airflow dag/dags/dynamic_dag_2.py
[2024-06-20T14:53:11.249+0530] {processor.py:840} INFO - DAG(s) 'dynamic_dag_2' retrieved from /mnt/d/Random Bin/Python/dynamic airflow dag/dags/dynamic_dag_2.py
[2024-06-20T14:53:11.481+0530] {logging_mixin.py:188} INFO - [2024-06-20T14:53:11.480+0530] {dag.py:3036} INFO - Sync 1 DAGs
[2024-06-20T14:53:11.532+0530] {logging_mixin.py:188} INFO - [2024-06-20T14:53:11.531+0530] {dag.py:3823} INFO - Setting next_dagrun for dynamic_dag_2 to 2024-06-01 00:00:00+00:00, run_after=2024-06-02 00:00:00+00:00
[2024-06-20T14:53:12.218+0530] {processor.py:183} INFO - Processing /mnt/d/Random Bin/Python/dynamic airflow dag/dags/dynamic_dag_2.py took 1.267 seconds
[2024-06-20T14:53:42.825+0530] {processor.py:161} INFO - Started process (PID=153) to work on /mnt/d/Random Bin/Python/dynamic airflow dag/dags/dynamic_dag_2.py
[2024-06-20T14:53:42.843+0530] {processor.py:830} INFO - Processing file /mnt/d/Random Bin/Python/dynamic airflow dag/dags/dynamic_dag_2.py for tasks to queue
[2024-06-20T14:53:42.851+0530] {logging_mixin.py:188} INFO - [2024-06-20T14:53:42.846+0530] {dagbag.py:538} INFO - Filling up the DagBag from /mnt/d/Random Bin/Python/dynamic airflow dag/dags/dynamic_dag_2.py
[2024-06-20T14:53:43.216+0530] {processor.py:840} INFO - DAG(s) 'dynamic_dag_2' retrieved from /mnt/d/Random Bin/Python/dynamic airflow dag/dags/dynamic_dag_2.py
[2024-06-20T14:53:43.514+0530] {logging_mixin.py:188} INFO - [2024-06-20T14:53:43.512+0530] {dag.py:3036} INFO - Sync 1 DAGs
[2024-06-20T14:53:43.595+0530] {logging_mixin.py:188} INFO - [2024-06-20T14:53:43.594+0530] {dag.py:3823} INFO - Setting next_dagrun for dynamic_dag_2 to 2024-06-01 00:00:00+00:00, run_after=2024-06-02 00:00:00+00:00
[2024-06-20T14:53:43.847+0530] {processor.py:183} INFO - Processing /mnt/d/Random Bin/Python/dynamic airflow dag/dags/dynamic_dag_2.py took 1.027 seconds
[2024-06-20T14:54:14.870+0530] {processor.py:161} INFO - Started process (PID=156) to work on /mnt/d/Random Bin/Python/dynamic airflow dag/dags/dynamic_dag_2.py
[2024-06-20T14:54:14.885+0530] {processor.py:830} INFO - Processing file /mnt/d/Random Bin/Python/dynamic airflow dag/dags/dynamic_dag_2.py for tasks to queue
[2024-06-20T14:54:14.892+0530] {logging_mixin.py:188} INFO - [2024-06-20T14:54:14.890+0530] {dagbag.py:538} INFO - Filling up the DagBag from /mnt/d/Random Bin/Python/dynamic airflow dag/dags/dynamic_dag_2.py
[2024-06-20T14:54:15.587+0530] {processor.py:840} INFO - DAG(s) 'dynamic_dag_2' retrieved from /mnt/d/Random Bin/Python/dynamic airflow dag/dags/dynamic_dag_2.py
[2024-06-20T14:54:16.593+0530] {logging_mixin.py:188} INFO - [2024-06-20T14:54:16.590+0530] {dag.py:3036} INFO - Sync 1 DAGs
[2024-06-20T14:54:16.681+0530] {logging_mixin.py:188} INFO - [2024-06-20T14:54:16.679+0530] {dag.py:3823} INFO - Setting next_dagrun for dynamic_dag_2 to 2024-06-01 00:00:00+00:00, run_after=2024-06-02 00:00:00+00:00
[2024-06-20T14:54:16.896+0530] {processor.py:183} INFO - Processing /mnt/d/Random Bin/Python/dynamic airflow dag/dags/dynamic_dag_2.py took 2.032 seconds
[2024-06-20T14:54:48.087+0530] {processor.py:161} INFO - Started process (PID=159) to work on /mnt/d/Random Bin/Python/dynamic airflow dag/dags/dynamic_dag_2.py
[2024-06-20T14:54:48.088+0530] {processor.py:830} INFO - Processing file /mnt/d/Random Bin/Python/dynamic airflow dag/dags/dynamic_dag_2.py for tasks to queue
[2024-06-20T14:54:48.091+0530] {logging_mixin.py:188} INFO - [2024-06-20T14:54:48.090+0530] {dagbag.py:538} INFO - Filling up the DagBag from /mnt/d/Random Bin/Python/dynamic airflow dag/dags/dynamic_dag_2.py
[2024-06-20T14:54:48.243+0530] {processor.py:840} INFO - DAG(s) 'dynamic_dag_2' retrieved from /mnt/d/Random Bin/Python/dynamic airflow dag/dags/dynamic_dag_2.py
[2024-06-20T14:54:48.372+0530] {logging_mixin.py:188} INFO - [2024-06-20T14:54:48.371+0530] {dag.py:3036} INFO - Sync 1 DAGs
[2024-06-20T14:54:48.400+0530] {logging_mixin.py:188} INFO - [2024-06-20T14:54:48.399+0530] {dag.py:3823} INFO - Setting next_dagrun for dynamic_dag_2 to 2024-06-01 00:00:00+00:00, run_after=2024-06-02 00:00:00+00:00
[2024-06-20T14:54:50.108+0530] {processor.py:183} INFO - Processing /mnt/d/Random Bin/Python/dynamic airflow dag/dags/dynamic_dag_2.py took 2.024 seconds
[2024-06-20T14:55:21.064+0530] {processor.py:161} INFO - Started process (PID=162) to work on /mnt/d/Random Bin/Python/dynamic airflow dag/dags/dynamic_dag_2.py
[2024-06-20T14:55:21.068+0530] {processor.py:830} INFO - Processing file /mnt/d/Random Bin/Python/dynamic airflow dag/dags/dynamic_dag_2.py for tasks to queue
[2024-06-20T14:55:21.073+0530] {logging_mixin.py:188} INFO - [2024-06-20T14:55:21.071+0530] {dagbag.py:538} INFO - Filling up the DagBag from /mnt/d/Random Bin/Python/dynamic airflow dag/dags/dynamic_dag_2.py
[2024-06-20T14:55:21.294+0530] {processor.py:840} INFO - DAG(s) 'dynamic_dag_2' retrieved from /mnt/d/Random Bin/Python/dynamic airflow dag/dags/dynamic_dag_2.py
[2024-06-20T14:55:21.560+0530] {logging_mixin.py:188} INFO - [2024-06-20T14:55:21.559+0530] {dag.py:3036} INFO - Sync 1 DAGs
[2024-06-20T14:55:21.598+0530] {logging_mixin.py:188} INFO - [2024-06-20T14:55:21.596+0530] {dag.py:3823} INFO - Setting next_dagrun for dynamic_dag_2 to 2024-06-01 00:00:00+00:00, run_after=2024-06-02 00:00:00+00:00
[2024-06-20T14:55:22.329+0530] {processor.py:183} INFO - Processing /mnt/d/Random Bin/Python/dynamic airflow dag/dags/dynamic_dag_2.py took 1.268 seconds
[2024-06-20T14:55:53.265+0530] {processor.py:161} INFO - Started process (PID=165) to work on /mnt/d/Random Bin/Python/dynamic airflow dag/dags/dynamic_dag_2.py
[2024-06-20T14:55:53.268+0530] {processor.py:830} INFO - Processing file /mnt/d/Random Bin/Python/dynamic airflow dag/dags/dynamic_dag_2.py for tasks to queue
[2024-06-20T14:55:53.272+0530] {logging_mixin.py:188} INFO - [2024-06-20T14:55:53.270+0530] {dagbag.py:538} INFO - Filling up the DagBag from /mnt/d/Random Bin/Python/dynamic airflow dag/dags/dynamic_dag_2.py
[2024-06-20T14:55:53.503+0530] {processor.py:840} INFO - DAG(s) 'dynamic_dag_2' retrieved from /mnt/d/Random Bin/Python/dynamic airflow dag/dags/dynamic_dag_2.py
[2024-06-20T14:55:53.696+0530] {logging_mixin.py:188} INFO - [2024-06-20T14:55:53.694+0530] {dag.py:3036} INFO - Sync 1 DAGs
[2024-06-20T14:55:53.750+0530] {logging_mixin.py:188} INFO - [2024-06-20T14:55:53.748+0530] {dag.py:3823} INFO - Setting next_dagrun for dynamic_dag_2 to 2024-06-01 00:00:00+00:00, run_after=2024-06-02 00:00:00+00:00
[2024-06-20T14:55:53.959+0530] {processor.py:183} INFO - Processing /mnt/d/Random Bin/Python/dynamic airflow dag/dags/dynamic_dag_2.py took 0.698 seconds
